# JRE version: Java(TM) SE Runtime Environment (8.0_171-b11) (build 1.8.0_171-b11)
# Java VM: Java HotSpot(TM) 64-Bit Server VM (25.171-b11 mixed mode windows-amd64 compressed oops)
Heap:
 PSYoungGen      total 141312K, used 22009K [0x000000076b300000, 0x000000077a800000, 0x00000007c0000000)
  eden space 130560K, 8% used [0x000000076b300000,0x000000076bdfea18,0x0000000773280000)
  from space 10752K, 99% used [0x0000000773280000,0x0000000773cffc40,0x0000000773d00000)
  to   space 15360K, 0% used [0x0000000779900000,0x0000000779900000,0x000000077a800000)
 ParOldGen       total 82432K, used 11475K [0x00000006c1800000, 0x00000006c6880000, 0x000000076b300000)
  object space 82432K, 13% used [0x00000006c1800000,0x00000006c2334fe0,0x00000006c6880000)
 Metaspace       used 30506K, capacity 30874K, committed 31104K, reserved 1077248K
  class space    used 3826K, capacity 3956K, committed 3968K, reserved 1048576K
GC Heap History (10 events):
Event: 1.233 GC heap before
{Heap before GC invocations=2 (full 0):
 PSYoungGen      total 76288K, used 76274K [0x000000076b300000, 0x0000000770800000, 0x00000007c0000000)
  eden space 65536K, 100% used [0x000000076b300000,0x000000076f300000,0x000000076f300000)
  from space 10752K, 99% used [0x000000076f300000,0x000000076fd7c8b0,0x000000076fd80000)
  to   space 10752K, 0% used [0x000000076fd80000,0x000000076fd80000,0x0000000770800000)
 ParOldGen       total 175104K, used 448K [0x00000006c1800000, 0x00000006cc300000, 0x000000076b300000)
  object space 175104K, 0% used [0x00000006c1800000,0x00000006c1870230,0x00000006cc300000)
 Metaspace       used 20801K, capacity 21082K, committed 21248K, reserved 1067008K
  class space    used 2625K, capacity 2708K, committed 2816K, reserved 1048576K
Event: 1.241 GC heap after
Heap after GC invocations=2 (full 0):
 PSYoungGen      total 76288K, used 10747K [0x000000076b300000, 0x0000000774800000, 0x00000007c0000000)
  eden space 65536K, 0% used [0x000000076b300000,0x000000076b300000,0x000000076f300000)
  from space 10752K, 99% used [0x000000076fd80000,0x00000007707fec60,0x0000000770800000)
  to   space 10752K, 0% used [0x000000076f300000,0x000000076f300000,0x000000076fd80000)
 ParOldGen       total 175104K, used 1365K [0x00000006c1800000, 0x00000006cc300000, 0x000000076b300000)
  object space 175104K, 0% used [0x00000006c1800000,0x00000006c1955558,0x00000006cc300000)
 Metaspace       used 20801K, capacity 21082K, committed 21248K, reserved 1067008K
  class space    used 2625K, capacity 2708K, committed 2816K, reserved 1048576K
}
Event: 1.246 GC heap before
{Heap before GC invocations=3 (full 0):
 PSYoungGen      total 76288K, used 12291K [0x000000076b300000, 0x0000000774800000, 0x00000007c0000000)
  eden space 65536K, 2% used [0x000000076b300000,0x000000076b4820f8,0x000000076f300000)
  from space 10752K, 99% used [0x000000076fd80000,0x00000007707fec60,0x0000000770800000)
  to   space 10752K, 0% used [0x000000076f300000,0x000000076f300000,0x000000076fd80000)
 ParOldGen       total 175104K, used 1365K [0x00000006c1800000, 0x00000006cc300000, 0x000000076b300000)
  object space 175104K, 0% used [0x00000006c1800000,0x00000006c1955558,0x00000006cc300000)
 Metaspace       used 20825K, capacity 21088K, committed 21248K, reserved 1067008K
  class space    used 2627K, capacity 2709K, committed 2816K, reserved 1048576K
Event: 1.250 GC heap after
Heap after GC invocations=3 (full 0):
 PSYoungGen      total 76288K, used 7344K [0x000000076b300000, 0x0000000774800000, 0x00000007c0000000)
  eden space 65536K, 0% used [0x000000076b300000,0x000000076b300000,0x000000076f300000)
  from space 10752K, 68% used [0x000000076f300000,0x000000076fa2c030,0x000000076fd80000)
  to   space 10752K, 0% used [0x0000000773d80000,0x0000000773d80000,0x0000000774800000)
 ParOldGen       total 175104K, used 1373K [0x00000006c1800000, 0x00000006cc300000, 0x000000076b300000)
  object space 175104K, 0% used [0x00000006c1800000,0x00000006c1957558,0x00000006cc300000)
 Metaspace       used 20825K, capacity 21088K, committed 21248K, reserved 1067008K
  class space    used 2627K, capacity 2709K, committed 2816K, reserved 1048576K
}
Event: 1.250 GC heap before
{Heap before GC invocations=4 (full 1):
 PSYoungGen      total 76288K, used 7344K [0x000000076b300000, 0x0000000774800000, 0x00000007c0000000)
  eden space 65536K, 0% used [0x000000076b300000,0x000000076b300000,0x000000076f300000)
  from space 10752K, 68% used [0x000000076f300000,0x000000076fa2c030,0x000000076fd80000)
  to   space 10752K, 0% used [0x0000000773d80000,0x0000000773d80000,0x0000000774800000)
 ParOldGen       total 175104K, used 1373K [0x00000006c1800000, 0x00000006cc300000, 0x000000076b300000)
  object space 175104K, 0% used [0x00000006c1800000,0x00000006c1957558,0x00000006cc300000)
 Metaspace       used 20825K, capacity 21088K, committed 21248K, reserved 1067008K
  class space    used 2627K, capacity 2709K, committed 2816K, reserved 1048576K
Event: 1.274 GC heap after
Heap after GC invocations=4 (full 1):
 PSYoungGen      total 76288K, used 0K [0x000000076b300000, 0x0000000774800000, 0x00000007c0000000)
  eden space 65536K, 0% used [0x000000076b300000,0x000000076b300000,0x000000076f300000)
  from space 10752K, 0% used [0x000000076f300000,0x000000076f300000,0x000000076fd80000)
  to   space 10752K, 0% used [0x0000000773d80000,0x0000000773d80000,0x0000000774800000)
 ParOldGen       total 82432K, used 7206K [0x00000006c1800000, 0x00000006c6880000, 0x000000076b300000)
  object space 82432K, 8% used [0x00000006c1800000,0x00000006c1f09820,0x00000006c6880000)
 Metaspace       used 20825K, capacity 21088K, committed 21248K, reserved 1067008K
  class space    used 2627K, capacity 2709K, committed 2816K, reserved 1048576K
}
Event: 1.730 GC heap before
{Heap before GC invocations=5 (full 1):
 PSYoungGen      total 76288K, used 65536K [0x000000076b300000, 0x0000000774800000, 0x00000007c0000000)
  eden space 65536K, 100% used [0x000000076b300000,0x000000076f300000,0x000000076f300000)
  from space 10752K, 0% used [0x000000076f300000,0x000000076f300000,0x000000076fd80000)
  to   space 10752K, 0% used [0x0000000773d80000,0x0000000773d80000,0x0000000774800000)
 ParOldGen       total 82432K, used 7206K [0x00000006c1800000, 0x00000006c6880000, 0x000000076b300000)
  object space 82432K, 8% used [0x00000006c1800000,0x00000006c1f09820,0x00000006c6880000)
 Metaspace       used 25136K, capacity 25426K, committed 25600K, reserved 1071104K
  class space    used 3181K, capacity 3256K, committed 3328K, reserved 1048576K
Event: 1.735 GC heap after
Heap after GC invocations=5 (full 1):
 PSYoungGen      total 131584K, used 10163K [0x000000076b300000, 0x0000000774780000, 0x00000007c0000000)
  eden space 121344K, 0% used [0x000000076b300000,0x000000076b300000,0x0000000772980000)
  from space 10240K, 99% used [0x0000000773d80000,0x000000077476cca8,0x0000000774780000)
  to   space 10752K, 0% used [0x0000000773280000,0x0000000773280000,0x0000000773d00000)
 ParOldGen       total 82432K, used 7214K [0x00000006c1800000, 0x00000006c6880000, 0x000000076b300000)
  object space 82432K, 8% used [0x00000006c1800000,0x00000006c1f0b820,0x00000006c6880000)
 Metaspace       used 25136K, capacity 25426K, committed 25600K, reserved 1071104K
  class space    used 3181K, capacity 3256K, committed 3328K, reserved 1048576K
}
Event: 3.558 GC heap before
{Heap before GC invocations=6 (full 1):
 PSYoungGen      total 131584K, used 131507K [0x000000076b300000, 0x0000000774780000, 0x00000007c0000000)
  eden space 121344K, 100% used [0x000000076b300000,0x0000000772980000,0x0000000772980000)
  from space 10240K, 99% used [0x0000000773d80000,0x000000077476cca8,0x0000000774780000)
  to   space 10752K, 0% used [0x0000000773280000,0x0000000773280000,0x0000000773d00000)
 ParOldGen       total 82432K, used 7214K [0x00000006c1800000, 0x00000006c6880000, 0x000000076b300000)
  object space 82432K, 8% used [0x00000006c1800000,0x00000006c1f0b820,0x00000006c6880000)
 Metaspace       used 29499K, capacity 29844K, committed 30208K, reserved 1075200K
  class space    used 3702K, capacity 3827K, committed 3840K, reserved 1048576K
Event: 3.567 GC heap after
Heap after GC invocations=6 (full 1):
 PSYoungGen      total 141312K, used 10751K [0x000000076b300000, 0x000000077a800000, 0x00000007c0000000)
  eden space 130560K, 0% used [0x000000076b300000,0x000000076b300000,0x0000000773280000)
  from space 10752K, 99% used [0x0000000773280000,0x0000000773cffc40,0x0000000773d00000)
  to   space 15360K, 0% used [0x0000000779900000,0x0000000779900000,0x000000077a800000)
 ParOldGen       total 82432K, used 11475K [0x00000006c1800000, 0x00000006c6880000, 0x000000076b300000)
  object space 82432K, 13% used [0x00000006c1800000,0x00000006c2334fe0,0x00000006c6880000)
 Metaspace       used 29499K, capacity 29844K, committed 30208K, reserved 1075200K
  class space    used 3702K, capacity 3827K, committed 3840K, reserved 1048576K
}

